W[2020-04-04 15:27:23:g:\code\tensorrt\tensorrtintegrate\src\main.cpp:99]:onnx to trtmodel...
W[2020-04-04 15:27:23:g:\code\tensorrt\tensorrtintegrate\src\builder\trt_builder.cpp:197]:Build FP32 trtmodel.
I[2020-04-04 15:27:24:G:/code/TensorRT/tensorRTIntegrate/src/onnxplugin/plugins/MReLU.cu:33]:init MReLU config: {"kernel_size": 3, "eps": 0.03, "other": "Hello Onnx Plugin"}
I[2020-04-04 15:27:24:G:/code/TensorRT/tensorRTIntegrate/src/onnxplugin/plugins/MReLU.cu:34]:MReLU weights = 1[1 x 1 x 1 x 1]
I[2020-04-04 15:27:24:G:/code/TensorRT/tensorRTIntegrate/src/onnxplugin/plugins/MReLU.cu:38]:MReLU kernel_size: 3
I[2020-04-04 15:27:24:G:/code/TensorRT/tensorRTIntegrate/src/onnxplugin/plugins/MReLU.cu:39]:MReLU eps: 0.03
I[2020-04-04 15:27:24:G:/code/TensorRT/tensorRTIntegrate/src/onnxplugin/plugins/MReLU.cu:40]:MReLU other: Hello Onnx Plugin
I[2020-04-04 15:27:24:g:\code\tensorrt\tensorrtintegrate\src\onnx_parser\builtin_op_importers.cpp:345]:hswish, kernel_size=3, eps=0.03, info=string attribute
I[2020-04-04 15:27:24:g:\code\tensorrt\tensorrtintegrate\src\onnx_parser\builtin_op_importers.cpp:347]:hswish, weights.size = 1
I[2020-04-04 15:27:24:g:\code\tensorrt\tensorrtintegrate\src\onnx_parser\builtin_op_importers.cpp:352]:hswish weights bias = 3.150000
I[2020-04-04 15:27:24:g:\code\tensorrt\tensorrtintegrate\src\builder\trt_builder.cpp:345]:input shape: 3 x 5 x 5
W[2020-04-04 15:27:24:g:\code\tensorrt\tensorrtintegrate\src\builder\trt_builder.cpp:346]:Set max batch size: 4
W[2020-04-04 15:27:24:g:\code\tensorrt\tensorrtintegrate\src\builder\trt_builder.cpp:367]:Build engine
I[2020-04-04 15:27:26:g:\code\tensorrt\tensorrtintegrate\src\main.cpp:106]:done.
I[2020-04-04 15:27:26:g:\code\tensorrt\tensorrtintegrate\src\main.cpp:108]:load model: models/demo.fp32.trtmodel
I[2020-04-04 15:27:26:G:/code/TensorRT/tensorRTIntegrate/src/onnxplugin/plugins/MReLU.cu:33]:init MReLU config: {"kernel_size": 3, "eps": 0.03, "other": "Hello Onnx Plugin"}
I[2020-04-04 15:27:26:G:/code/TensorRT/tensorRTIntegrate/src/onnxplugin/plugins/MReLU.cu:34]:MReLU weights = 1[1 x 1 x 1 x 1]
I[2020-04-04 15:27:26:G:/code/TensorRT/tensorRTIntegrate/src/onnxplugin/plugins/MReLU.cu:38]:MReLU kernel_size: 3
I[2020-04-04 15:27:26:G:/code/TensorRT/tensorRTIntegrate/src/onnxplugin/plugins/MReLU.cu:39]:MReLU eps: 0.03
I[2020-04-04 15:27:26:G:/code/TensorRT/tensorRTIntegrate/src/onnxplugin/plugins/MReLU.cu:40]:MReLU other: Hello Onnx Plugin
W[2020-04-04 15:27:26:g:\code\tensorrt\tensorrtintegrate\src\builder\trt_builder.cpp:35]:NVInfer WARNING: Current optimization profile is: 0. Please ensure there are no enqueued operations pending in this context prior to switching profiles
I[2020-04-04 15:27:26:g:\code\tensorrt\tensorrtintegrate\src\main.cpp:115]:forward...
W[2020-04-04 15:27:26:g:\code\tensorrt\tensorrtintegrate\src\builder\trt_builder.cpp:35]:NVInfer WARNING: Explicit batch network detected and batch size specified, use enqueue without batch size instead.
I[2020-04-04 15:27:26:g:\code\tensorrt\tensorrtintegrate\src\main.cpp:122]:done.
W[2020-04-04 15:27:26:g:\code\tensorrt\tensorrtintegrate\src\main.cpp:219]:onnx to trtmodel...
E[2020-04-04 15:27:26:g:\code\tensorrt\tensorrtintegrate\src\main.cpp:227]:models/dladcnv2.onnx not found, download url: http://zifuture.com:1000/fs/public_models/dladcnv2.onnx
or use centerNetDLADCNOnnX/dladcn_export_onnx.py to generate
